DEBUG [ScheduledTasks:1] 2020-12-04 00:09:42,957 SSLFactory.java:337 - Checking whether certificates have been updated []
DEBUG [ScheduledTasks:1] 2020-12-04 01:42:42,714 SSLFactory.java:337 - Checking whether certificates have been updated []
DEBUG [ScheduledTasks:1] 2020-12-04 08:15:48,931 SSLFactory.java:337 - Checking whether certificates have been updated []
DEBUG [ScheduledTasks:1] 2020-12-04 08:25:48,945 SSLFactory.java:337 - Checking whether certificates have been updated []
DEBUG [ScheduledTasks:1] 2020-12-04 08:35:48,957 SSLFactory.java:337 - Checking whether certificates have been updated []
INFO  [ScheduledTasks:1] 2020-12-04 08:35:50,908 ColumnFamilyStore.java:852 - Enqueuing flush of compaction_history: 1.901KiB (0%) on-heap, 0.000KiB (0%) off-heap
INFO  [ScheduledTasks:1] 2020-12-04 08:35:50,913 ColumnFamilyStore.java:852 - Enqueuing flush of sstable_activity: 1.176KiB (0%) on-heap, 0.000KiB (0%) off-heap
INFO  [PerDiskMemtableFlushWriter_0:23] 2020-12-04 08:35:50,916 Memtable.java:452 - Writing Memtable-compaction_history@879004947(0.394KiB serialized bytes, 2 ops, 0%/0% of on/off-heap limit), flushed range = (min(-9223372036854775808), max(9223372036854775807)]
INFO  [PerDiskMemtableFlushWriter_0:24] 2020-12-04 08:35:50,916 Memtable.java:452 - Writing Memtable-sstable_activity@1949819543(0.063KiB serialized bytes, 8 ops, 0%/0% of on/off-heap limit), flushed range = (min(-9223372036854775808), max(9223372036854775807)]
INFO  [PerDiskMemtableFlushWriter_0:23] 2020-12-04 08:35:50,917 Memtable.java:481 - Completed flushing /Users/marissa/Desktop/SDC/customer-reviews/apache-cassandra-4.0-beta3/data/data/system/compaction_history-b4dbb7b4dc493fb5b3bfce6e434832ca/na-4-big-Data.db (0.216KiB) for commitlog position CommitLogPosition(segmentId=1607024802446, position=20134537)
INFO  [PerDiskMemtableFlushWriter_0:24] 2020-12-04 08:35:50,917 Memtable.java:481 - Completed flushing /Users/marissa/Desktop/SDC/customer-reviews/apache-cassandra-4.0-beta3/data/data/system/sstable_activity-5a1ff267ace03f128563cfae6103c65e/na-4-big-Data.db (0.379KiB) for commitlog position CommitLogPosition(segmentId=1607024802446, position=20134537)
INFO  [ScheduledTasks:1] 2020-12-04 08:35:50,918 ColumnFamilyStore.java:852 - Enqueuing flush of size_estimates: 3.144MiB (0%) on-heap, 0.000KiB (0%) off-heap
INFO  [ScheduledTasks:1] 2020-12-04 08:35:50,920 ColumnFamilyStore.java:852 - Enqueuing flush of table_estimates: 7.113MiB (1%) on-heap, 0.000KiB (0%) off-heap
DEBUG [MemtableFlushWriter:23] 2020-12-04 08:35:50,923 ColumnFamilyStore.java:1150 - Flushed to [BigTableReader(path='/Users/marissa/Desktop/SDC/customer-reviews/apache-cassandra-4.0-beta3/data/data/system/compaction_history-b4dbb7b4dc493fb5b3bfce6e434832ca/na-4-big-Data.db')] (1 sstables, 5.427KiB), biggest 5.427KiB, smallest 5.427KiB
DEBUG [MemtableFlushWriter:24] 2020-12-04 08:35:50,924 ColumnFamilyStore.java:1150 - Flushed to [BigTableReader(path='/Users/marissa/Desktop/SDC/customer-reviews/apache-cassandra-4.0-beta3/data/data/system/sstable_activity-5a1ff267ace03f128563cfae6103c65e/na-4-big-Data.db')] (1 sstables, 5.453KiB), biggest 5.453KiB, smallest 5.453KiB
INFO  [CompactionExecutor:72] 2020-12-04 08:35:50,924 CompactionTask.java:156 - Compacting (c53a8db0-364e-11eb-ae20-83a79a7fd42b) [/Users/marissa/Desktop/SDC/customer-reviews/apache-cassandra-4.0-beta3/data/data/system/compaction_history-b4dbb7b4dc493fb5b3bfce6e434832ca/na-1-big-Data.db:level=0, /Users/marissa/Desktop/SDC/customer-reviews/apache-cassandra-4.0-beta3/data/data/system/compaction_history-b4dbb7b4dc493fb5b3bfce6e434832ca/na-2-big-Data.db:level=0, /Users/marissa/Desktop/SDC/customer-reviews/apache-cassandra-4.0-beta3/data/data/system/compaction_history-b4dbb7b4dc493fb5b3bfce6e434832ca/na-3-big-Data.db:level=0, /Users/marissa/Desktop/SDC/customer-reviews/apache-cassandra-4.0-beta3/data/data/system/compaction_history-b4dbb7b4dc493fb5b3bfce6e434832ca/na-4-big-Data.db:level=0, ]
INFO  [CompactionExecutor:71] 2020-12-04 08:35:50,924 CompactionTask.java:156 - Compacting (c53ab4c1-364e-11eb-ae20-83a79a7fd42b) [/Users/marissa/Desktop/SDC/customer-reviews/apache-cassandra-4.0-beta3/data/data/system/sstable_activity-5a1ff267ace03f128563cfae6103c65e/na-1-big-Data.db:level=0, /Users/marissa/Desktop/SDC/customer-reviews/apache-cassandra-4.0-beta3/data/data/system/sstable_activity-5a1ff267ace03f128563cfae6103c65e/na-2-big-Data.db:level=0, /Users/marissa/Desktop/SDC/customer-reviews/apache-cassandra-4.0-beta3/data/data/system/sstable_activity-5a1ff267ace03f128563cfae6103c65e/na-4-big-Data.db:level=0, /Users/marissa/Desktop/SDC/customer-reviews/apache-cassandra-4.0-beta3/data/data/system/sstable_activity-5a1ff267ace03f128563cfae6103c65e/na-3-big-Data.db:level=0, ]
INFO  [PerDiskMemtableFlushWriter_0:23] 2020-12-04 08:35:50,927 Memtable.java:452 - Writing Memtable-size_estimates@983791087(307.959KiB serialized bytes, 30960 ops, 0%/0% of on/off-heap limit), flushed range = (min(-9223372036854775808), max(9223372036854775807)]
INFO  [PerDiskMemtableFlushWriter_0:24] 2020-12-04 08:35:50,927 Memtable.java:452 - Writing Memtable-table_estimates@2062549601(666.090KiB serialized bytes, 61920 ops, 1%/0% of on/off-heap limit), flushed range = (min(-9223372036854775808), max(9223372036854775807)]
INFO  [PerDiskMemtableFlushWriter_0:23] 2020-12-04 08:35:50,933 Memtable.java:481 - Completed flushing /Users/marissa/Desktop/SDC/customer-reviews/apache-cassandra-4.0-beta3/data/data/system/size_estimates-618f817b005f3678b8a453f3930b8e86/na-14-big-Data.db (210.741KiB) for commitlog position CommitLogPosition(segmentId=1607024802446, position=20134537)
INFO  [CompactionExecutor:71] 2020-12-04 08:35:50,935 CompactionTask.java:251 - Compacted (c53ab4c1-364e-11eb-ae20-83a79a7fd42b) 4 sstables to [] to level=0.  0.000KiB to 0.000KiB (~0% of original) in 10ms.  Read Throughput = 0.000KiB/s, Write Throughput = 0.000KiB/s, Row Throughput = ~0/s.  0 total partitions merged to 0.  Partition merge counts were {}
INFO  [NonPeriodicTasks:1] 2020-12-04 08:35:50,936 SSTable.java:111 - Deleting sstable: /Users/marissa/Desktop/SDC/customer-reviews/apache-cassandra-4.0-beta3/data/data/system/sstable_activity-5a1ff267ace03f128563cfae6103c65e/na-1-big
DEBUG [MemtableFlushWriter:23] 2020-12-04 08:35:50,940 ColumnFamilyStore.java:1150 - Flushed to [BigTableReader(path='/Users/marissa/Desktop/SDC/customer-reviews/apache-cassandra-4.0-beta3/data/data/system/size_estimates-618f817b005f3678b8a453f3930b8e86/na-14-big-Data.db')] (1 sstables, 72.510KiB), biggest 72.510KiB, smallest 72.510KiB
INFO  [NonPeriodicTasks:1] 2020-12-04 08:35:50,942 SSTable.java:111 - Deleting sstable: /Users/marissa/Desktop/SDC/customer-reviews/apache-cassandra-4.0-beta3/data/data/system/sstable_activity-5a1ff267ace03f128563cfae6103c65e/na-2-big
INFO  [PerDiskMemtableFlushWriter_0:24] 2020-12-04 08:35:50,945 Memtable.java:481 - Completed flushing /Users/marissa/Desktop/SDC/customer-reviews/apache-cassandra-4.0-beta3/data/data/system/table_estimates-176c39cdb93d33a5a2188eb06a56f66e/na-14-big-Data.db (477.042KiB) for commitlog position CommitLogPosition(segmentId=1607024802446, position=20134537)
INFO  [NonPeriodicTasks:1] 2020-12-04 08:35:50,945 SSTable.java:111 - Deleting sstable: /Users/marissa/Desktop/SDC/customer-reviews/apache-cassandra-4.0-beta3/data/data/system/sstable_activity-5a1ff267ace03f128563cfae6103c65e/na-4-big
INFO  [NonPeriodicTasks:1] 2020-12-04 08:35:50,949 SSTable.java:111 - Deleting sstable: /Users/marissa/Desktop/SDC/customer-reviews/apache-cassandra-4.0-beta3/data/data/system/sstable_activity-5a1ff267ace03f128563cfae6103c65e/na-3-big
DEBUG [MemtableFlushWriter:24] 2020-12-04 08:35:50,952 ColumnFamilyStore.java:1150 - Flushed to [BigTableReader(path='/Users/marissa/Desktop/SDC/customer-reviews/apache-cassandra-4.0-beta3/data/data/system/table_estimates-176c39cdb93d33a5a2188eb06a56f66e/na-14-big-Data.db')] (1 sstables, 141.675KiB), biggest 141.675KiB, smallest 141.675KiB
INFO  [CompactionExecutor:72] 2020-12-04 08:35:50,954 CompactionTask.java:251 - Compacted (c53a8db0-364e-11eb-ae20-83a79a7fd42b) 4 sstables to [/Users/marissa/Desktop/SDC/customer-reviews/apache-cassandra-4.0-beta3/data/data/system/compaction_history-b4dbb7b4dc493fb5b3bfce6e434832ca/na-5-big,] to level=0.  0.568KiB to 0.366KiB (~64% of original) in 29ms.  Read Throughput = 18.988KiB/s, Write Throughput = 12.234KiB/s, Row Throughput = ~14/s.  7 total partitions merged to 7.  Partition merge counts were {1:7, }
INFO  [NonPeriodicTasks:1] 2020-12-04 08:35:50,955 SSTable.java:111 - Deleting sstable: /Users/marissa/Desktop/SDC/customer-reviews/apache-cassandra-4.0-beta3/data/data/system/compaction_history-b4dbb7b4dc493fb5b3bfce6e434832ca/na-1-big
INFO  [NonPeriodicTasks:1] 2020-12-04 08:35:50,958 SSTable.java:111 - Deleting sstable: /Users/marissa/Desktop/SDC/customer-reviews/apache-cassandra-4.0-beta3/data/data/system/compaction_history-b4dbb7b4dc493fb5b3bfce6e434832ca/na-2-big
INFO  [NonPeriodicTasks:1] 2020-12-04 08:35:50,961 SSTable.java:111 - Deleting sstable: /Users/marissa/Desktop/SDC/customer-reviews/apache-cassandra-4.0-beta3/data/data/system/compaction_history-b4dbb7b4dc493fb5b3bfce6e434832ca/na-3-big
INFO  [NonPeriodicTasks:1] 2020-12-04 08:35:50,964 SSTable.java:111 - Deleting sstable: /Users/marissa/Desktop/SDC/customer-reviews/apache-cassandra-4.0-beta3/data/data/system/compaction_history-b4dbb7b4dc493fb5b3bfce6e434832ca/na-4-big
INFO  [IndexSummaryManager:1] 2020-12-04 08:35:51,623 IndexSummaryRedistribution.java:83 - Redistributing index summaries
DEBUG [ScheduledTasks:1] 2020-12-04 08:45:48,970 SSLFactory.java:337 - Checking whether certificates have been updated []
DEBUG [ScheduledTasks:1] 2020-12-04 08:55:48,984 SSLFactory.java:337 - Checking whether certificates have been updated []
DEBUG [ScheduledTasks:1] 2020-12-04 09:07:03,830 SSLFactory.java:337 - Checking whether certificates have been updated []
DEBUG [ScheduledTasks:1] 2020-12-04 09:17:03,845 SSLFactory.java:337 - Checking whether certificates have been updated []
DEBUG [ScheduledTasks:1] 2020-12-04 09:27:03,860 SSLFactory.java:337 - Checking whether certificates have been updated []
DEBUG [ScheduledTasks:1] 2020-12-04 09:37:03,845 SSLFactory.java:337 - Checking whether certificates have been updated []
INFO  [ScheduledTasks:1] 2020-12-04 09:37:05,794 ColumnFamilyStore.java:852 - Enqueuing flush of compaction_history: 0.792KiB (0%) on-heap, 0.000KiB (0%) off-heap
INFO  [ScheduledTasks:1] 2020-12-04 09:37:05,796 ColumnFamilyStore.java:852 - Enqueuing flush of sstable_activity: 1.195KiB (0%) on-heap, 0.000KiB (0%) off-heap
INFO  [ScheduledTasks:1] 2020-12-04 09:37:05,800 ColumnFamilyStore.java:852 - Enqueuing flush of size_estimates: 3.144MiB (0%) on-heap, 0.000KiB (0%) off-heap
INFO  [ScheduledTasks:1] 2020-12-04 09:37:05,800 ColumnFamilyStore.java:852 - Enqueuing flush of table_estimates: 7.113MiB (1%) on-heap, 0.000KiB (0%) off-heap
INFO  [PerDiskMemtableFlushWriter_0:26] 2020-12-04 09:37:05,801 Memtable.java:452 - Writing Memtable-sstable_activity@34120264(0.063KiB serialized bytes, 8 ops, 0%/0% of on/off-heap limit), flushed range = (min(-9223372036854775808), max(9223372036854775807)]
INFO  [PerDiskMemtableFlushWriter_0:25] 2020-12-04 09:37:05,801 Memtable.java:452 - Writing Memtable-compaction_history@740255746(0.171KiB serialized bytes, 1 ops, 0%/0% of on/off-heap limit), flushed range = (min(-9223372036854775808), max(9223372036854775807)]
INFO  [PerDiskMemtableFlushWriter_0:25] 2020-12-04 09:37:05,802 Memtable.java:481 - Completed flushing /Users/marissa/Desktop/SDC/customer-reviews/apache-cassandra-4.0-beta3/data/data/system/compaction_history-b4dbb7b4dc493fb5b3bfce6e434832ca/na-6-big-Data.db (0.093KiB) for commitlog position CommitLogPosition(segmentId=1607024802446, position=28059143)
INFO  [PerDiskMemtableFlushWriter_0:26] 2020-12-04 09:37:05,802 Memtable.java:481 - Completed flushing /Users/marissa/Desktop/SDC/customer-reviews/apache-cassandra-4.0-beta3/data/data/system/sstable_activity-5a1ff267ace03f128563cfae6103c65e/na-5-big-Data.db (0.398KiB) for commitlog position CommitLogPosition(segmentId=1607024802446, position=28059143)
DEBUG [MemtableFlushWriter:26] 2020-12-04 09:37:05,809 ColumnFamilyStore.java:1150 - Flushed to [BigTableReader(path='/Users/marissa/Desktop/SDC/customer-reviews/apache-cassandra-4.0-beta3/data/data/system/sstable_activity-5a1ff267ace03f128563cfae6103c65e/na-5-big-Data.db')] (1 sstables, 5.493KiB), biggest 5.493KiB, smallest 5.493KiB
DEBUG [MemtableFlushWriter:25] 2020-12-04 09:37:05,809 ColumnFamilyStore.java:1150 - Flushed to [BigTableReader(path='/Users/marissa/Desktop/SDC/customer-reviews/apache-cassandra-4.0-beta3/data/data/system/compaction_history-b4dbb7b4dc493fb5b3bfce6e434832ca/na-6-big-Data.db')] (1 sstables, 5.337KiB), biggest 5.337KiB, smallest 5.337KiB
INFO  [PerDiskMemtableFlushWriter_0:25] 2020-12-04 09:37:05,811 Memtable.java:452 - Writing Memtable-size_estimates@584614897(307.959KiB serialized bytes, 30960 ops, 0%/0% of on/off-heap limit), flushed range = (min(-9223372036854775808), max(9223372036854775807)]
INFO  [PerDiskMemtableFlushWriter_0:26] 2020-12-04 09:37:05,811 Memtable.java:452 - Writing Memtable-table_estimates@214912121(666.090KiB serialized bytes, 61920 ops, 1%/0% of on/off-heap limit), flushed range = (min(-9223372036854775808), max(9223372036854775807)]
INFO  [PerDiskMemtableFlushWriter_0:25] 2020-12-04 09:37:05,816 Memtable.java:481 - Completed flushing /Users/marissa/Desktop/SDC/customer-reviews/apache-cassandra-4.0-beta3/data/data/system/size_estimates-618f817b005f3678b8a453f3930b8e86/na-15-big-Data.db (210.722KiB) for commitlog position CommitLogPosition(segmentId=1607024802446, position=28059143)
INFO  [PerDiskMemtableFlushWriter_0:26] 2020-12-04 09:37:05,821 Memtable.java:481 - Completed flushing /Users/marissa/Desktop/SDC/customer-reviews/apache-cassandra-4.0-beta3/data/data/system/table_estimates-176c39cdb93d33a5a2188eb06a56f66e/na-15-big-Data.db (477.003KiB) for commitlog position CommitLogPosition(segmentId=1607024802446, position=28059143)
DEBUG [MemtableFlushWriter:26] 2020-12-04 09:37:05,822 ColumnFamilyStore.java:1150 - Flushed to [BigTableReader(path='/Users/marissa/Desktop/SDC/customer-reviews/apache-cassandra-4.0-beta3/data/data/system/size_estimates-618f817b005f3678b8a453f3930b8e86/na-15-big-Data.db')] (1 sstables, 72.486KiB), biggest 72.486KiB, smallest 72.486KiB
DEBUG [MemtableFlushWriter:25] 2020-12-04 09:37:05,828 ColumnFamilyStore.java:1150 - Flushed to [BigTableReader(path='/Users/marissa/Desktop/SDC/customer-reviews/apache-cassandra-4.0-beta3/data/data/system/table_estimates-176c39cdb93d33a5a2188eb06a56f66e/na-15-big-Data.db')] (1 sstables, 141.643KiB), biggest 141.643KiB, smallest 141.643KiB
INFO  [CompactionExecutor:91] 2020-12-04 09:37:06,010 AutoSavingCache.java:404 - Saved KeyCache (10 items) in 2 ms
INFO  [IndexSummaryManager:1] 2020-12-04 09:37:06,515 IndexSummaryRedistribution.java:83 - Redistributing index summaries
DEBUG [ScheduledTasks:1] 2020-12-04 09:47:03,863 SSLFactory.java:337 - Checking whether certificates have been updated []
DEBUG [ScheduledTasks:1] 2020-12-04 09:57:03,877 SSLFactory.java:337 - Checking whether certificates have been updated []
DEBUG [ScheduledTasks:1] 2020-12-04 10:07:03,896 SSLFactory.java:337 - Checking whether certificates have been updated []
DEBUG [ScheduledTasks:1] 2020-12-04 10:17:03,900 SSLFactory.java:337 - Checking whether certificates have been updated []
DEBUG [ScheduledTasks:1] 2020-12-04 10:27:03,919 SSLFactory.java:337 - Checking whether certificates have been updated []
DEBUG [ScheduledTasks:1] 2020-12-04 10:37:03,923 SSLFactory.java:337 - Checking whether certificates have been updated []
INFO  [ScheduledTasks:1] 2020-12-04 10:37:05,875 ColumnFamilyStore.java:852 - Enqueuing flush of size_estimates: 3.144MiB (0%) on-heap, 0.000KiB (0%) off-heap
INFO  [ScheduledTasks:1] 2020-12-04 10:37:05,878 ColumnFamilyStore.java:852 - Enqueuing flush of table_estimates: 7.113MiB (1%) on-heap, 0.000KiB (0%) off-heap
INFO  [PerDiskMemtableFlushWriter_0:27] 2020-12-04 10:37:05,883 Memtable.java:452 - Writing Memtable-table_estimates@1723500898(666.090KiB serialized bytes, 61920 ops, 1%/0% of on/off-heap limit), flushed range = (min(-9223372036854775808), max(9223372036854775807)]
INFO  [PerDiskMemtableFlushWriter_0:28] 2020-12-04 10:37:05,883 Memtable.java:452 - Writing Memtable-size_estimates@1344074853(307.959KiB serialized bytes, 30960 ops, 0%/0% of on/off-heap limit), flushed range = (min(-9223372036854775808), max(9223372036854775807)]
INFO  [PerDiskMemtableFlushWriter_0:28] 2020-12-04 10:37:05,888 Memtable.java:481 - Completed flushing /Users/marissa/Desktop/SDC/customer-reviews/apache-cassandra-4.0-beta3/data/data/system/size_estimates-618f817b005f3678b8a453f3930b8e86/na-16-big-Data.db (210.722KiB) for commitlog position CommitLogPosition(segmentId=1607024802447, position=2441192)
INFO  [PerDiskMemtableFlushWriter_0:27] 2020-12-04 10:37:05,892 Memtable.java:481 - Completed flushing /Users/marissa/Desktop/SDC/customer-reviews/apache-cassandra-4.0-beta3/data/data/system/table_estimates-176c39cdb93d33a5a2188eb06a56f66e/na-16-big-Data.db (477.003KiB) for commitlog position CommitLogPosition(segmentId=1607024802447, position=2441192)
DEBUG [MemtableFlushWriter:27] 2020-12-04 10:37:05,894 ColumnFamilyStore.java:1150 - Flushed to [BigTableReader(path='/Users/marissa/Desktop/SDC/customer-reviews/apache-cassandra-4.0-beta3/data/data/system/size_estimates-618f817b005f3678b8a453f3930b8e86/na-16-big-Data.db')] (1 sstables, 72.500KiB), biggest 72.500KiB, smallest 72.500KiB
INFO  [CompactionExecutor:94] 2020-12-04 10:37:05,894 CompactionTask.java:156 - Compacting (b5730860-365f-11eb-ae20-83a79a7fd42b) [/Users/marissa/Desktop/SDC/customer-reviews/apache-cassandra-4.0-beta3/data/data/system/size_estimates-618f817b005f3678b8a453f3930b8e86/na-16-big-Data.db:level=0, /Users/marissa/Desktop/SDC/customer-reviews/apache-cassandra-4.0-beta3/data/data/system/size_estimates-618f817b005f3678b8a453f3930b8e86/na-15-big-Data.db:level=0, /Users/marissa/Desktop/SDC/customer-reviews/apache-cassandra-4.0-beta3/data/data/system/size_estimates-618f817b005f3678b8a453f3930b8e86/na-13-big-Data.db:level=0, /Users/marissa/Desktop/SDC/customer-reviews/apache-cassandra-4.0-beta3/data/data/system/size_estimates-618f817b005f3678b8a453f3930b8e86/na-14-big-Data.db:level=0, ]
DEBUG [MemtableFlushWriter:28] 2020-12-04 10:37:05,898 ColumnFamilyStore.java:1150 - Flushed to [BigTableReader(path='/Users/marissa/Desktop/SDC/customer-reviews/apache-cassandra-4.0-beta3/data/data/system/table_estimates-176c39cdb93d33a5a2188eb06a56f66e/na-16-big-Data.db')] (1 sstables, 141.649KiB), biggest 141.649KiB, smallest 141.649KiB
DEBUG [MemtablePostFlush:14] 2020-12-04 10:37:05,898 CommitLog.java:328 - Commit log segment CommitLogSegment(bin/../data/commitlog/CommitLog-7-1607024802446.log) is unused
DEBUG [MemtablePostFlush:14] 2020-12-04 10:37:05,898 AbstractCommitLogSegmentManager.java:336 - Segment CommitLogSegment(bin/../data/commitlog/CommitLog-7-1607024802446.log) is no longer active and will be deleted now
INFO  [CompactionExecutor:93] 2020-12-04 10:37:05,898 CompactionTask.java:156 - Compacting (b573a4a0-365f-11eb-ae20-83a79a7fd42b) [/Users/marissa/Desktop/SDC/customer-reviews/apache-cassandra-4.0-beta3/data/data/system/table_estimates-176c39cdb93d33a5a2188eb06a56f66e/na-14-big-Data.db:level=0, /Users/marissa/Desktop/SDC/customer-reviews/apache-cassandra-4.0-beta3/data/data/system/table_estimates-176c39cdb93d33a5a2188eb06a56f66e/na-13-big-Data.db:level=0, /Users/marissa/Desktop/SDC/customer-reviews/apache-cassandra-4.0-beta3/data/data/system/table_estimates-176c39cdb93d33a5a2188eb06a56f66e/na-15-big-Data.db:level=0, /Users/marissa/Desktop/SDC/customer-reviews/apache-cassandra-4.0-beta3/data/data/system/table_estimates-176c39cdb93d33a5a2188eb06a56f66e/na-16-big-Data.db:level=0, ]
INFO  [CompactionExecutor:94] 2020-12-04 10:37:05,953 CompactionTask.java:251 - Compacted (b5730860-365f-11eb-ae20-83a79a7fd42b) 4 sstables to [/Users/marissa/Desktop/SDC/customer-reviews/apache-cassandra-4.0-beta3/data/data/system/size_estimates-618f817b005f3678b8a453f3930b8e86/na-17-big,] to level=0.  267.192KiB to 66.575KiB (~24% of original) in 56ms.  Read Throughput = 4.648MiB/s, Write Throughput = 1.158MiB/s, Row Throughput = ~2,593/s.  12 total partitions merged to 3.  Partition merge counts were {4:3, }
INFO  [NonPeriodicTasks:1] 2020-12-04 10:37:05,955 SSTable.java:111 - Deleting sstable: /Users/marissa/Desktop/SDC/customer-reviews/apache-cassandra-4.0-beta3/data/data/system/size_estimates-618f817b005f3678b8a453f3930b8e86/na-14-big
INFO  [NonPeriodicTasks:1] 2020-12-04 10:37:05,959 SSTable.java:111 - Deleting sstable: /Users/marissa/Desktop/SDC/customer-reviews/apache-cassandra-4.0-beta3/data/data/system/size_estimates-618f817b005f3678b8a453f3930b8e86/na-16-big
INFO  [NonPeriodicTasks:1] 2020-12-04 10:37:05,962 SSTable.java:111 - Deleting sstable: /Users/marissa/Desktop/SDC/customer-reviews/apache-cassandra-4.0-beta3/data/data/system/size_estimates-618f817b005f3678b8a453f3930b8e86/na-15-big
INFO  [NonPeriodicTasks:1] 2020-12-04 10:37:05,965 SSTable.java:111 - Deleting sstable: /Users/marissa/Desktop/SDC/customer-reviews/apache-cassandra-4.0-beta3/data/data/system/size_estimates-618f817b005f3678b8a453f3930b8e86/na-13-big
INFO  [CompactionExecutor:93] 2020-12-04 10:37:05,979 CompactionTask.java:251 - Compacted (b573a4a0-365f-11eb-ae20-83a79a7fd42b) 4 sstables to [/Users/marissa/Desktop/SDC/customer-reviews/apache-cassandra-4.0-beta3/data/data/system/table_estimates-176c39cdb93d33a5a2188eb06a56f66e/na-17-big,] to level=0.  539.455KiB to 134.532KiB (~24% of original) in 80ms.  Read Throughput = 6.518MiB/s, Write Throughput = 1.625MiB/s, Row Throughput = ~5,183/s.  12 total partitions merged to 3.  Partition merge counts were {4:3, }
INFO  [NonPeriodicTasks:1] 2020-12-04 10:37:05,980 SSTable.java:111 - Deleting sstable: /Users/marissa/Desktop/SDC/customer-reviews/apache-cassandra-4.0-beta3/data/data/system/table_estimates-176c39cdb93d33a5a2188eb06a56f66e/na-14-big
INFO  [NonPeriodicTasks:1] 2020-12-04 10:37:05,984 SSTable.java:111 - Deleting sstable: /Users/marissa/Desktop/SDC/customer-reviews/apache-cassandra-4.0-beta3/data/data/system/table_estimates-176c39cdb93d33a5a2188eb06a56f66e/na-13-big
INFO  [NonPeriodicTasks:1] 2020-12-04 10:37:05,988 SSTable.java:111 - Deleting sstable: /Users/marissa/Desktop/SDC/customer-reviews/apache-cassandra-4.0-beta3/data/data/system/table_estimates-176c39cdb93d33a5a2188eb06a56f66e/na-15-big
INFO  [NonPeriodicTasks:1] 2020-12-04 10:37:05,993 SSTable.java:111 - Deleting sstable: /Users/marissa/Desktop/SDC/customer-reviews/apache-cassandra-4.0-beta3/data/data/system/table_estimates-176c39cdb93d33a5a2188eb06a56f66e/na-16-big
INFO  [IndexSummaryManager:1] 2020-12-04 10:37:06,593 IndexSummaryRedistribution.java:83 - Redistributing index summaries
DEBUG [ScheduledTasks:1] 2020-12-04 10:47:03,942 SSLFactory.java:337 - Checking whether certificates have been updated []
DEBUG [ScheduledTasks:1] 2020-12-04 10:57:03,953 SSLFactory.java:337 - Checking whether certificates have been updated []
INFO  [Service Thread] 2020-12-04 11:04:03,160 GCInspector.java:299 - ParNew GC in 706ms.  CMS Old Gen: 165584832 -> 170904104; Par Eden Space: 859045888 -> 0; Par Survivor Space: 14026320 -> 10292064
DEBUG [ScheduledTasks:1] 2020-12-04 11:07:04,022 SSLFactory.java:337 - Checking whether certificates have been updated []
DEBUG [ScheduledTasks:1] 2020-12-04 11:17:04,183 SSLFactory.java:337 - Checking whether certificates have been updated []
DEBUG [ScheduledTasks:1] 2020-12-04 11:27:04,205 SSLFactory.java:337 - Checking whether certificates have been updated []
DEBUG [ScheduledTasks:1] 2020-12-04 11:37:04,209 SSLFactory.java:337 - Checking whether certificates have been updated []
INFO  [ScheduledTasks:1] 2020-12-04 11:37:05,930 ColumnFamilyStore.java:852 - Enqueuing flush of compaction_history: 1.901KiB (0%) on-heap, 0.000KiB (0%) off-heap
INFO  [ScheduledTasks:1] 2020-12-04 11:37:05,933 ColumnFamilyStore.java:852 - Enqueuing flush of sstable_activity: 1.176KiB (0%) on-heap, 0.000KiB (0%) off-heap
INFO  [ScheduledTasks:1] 2020-12-04 11:37:05,936 ColumnFamilyStore.java:852 - Enqueuing flush of size_estimates: 3.144MiB (0%) on-heap, 0.000KiB (0%) off-heap
INFO  [ScheduledTasks:1] 2020-12-04 11:37:05,937 ColumnFamilyStore.java:852 - Enqueuing flush of table_estimates: 7.113MiB (1%) on-heap, 0.000KiB (0%) off-heap
INFO  [PerDiskMemtableFlushWriter_0:30] 2020-12-04 11:37:05,947 Memtable.java:452 - Writing Memtable-sstable_activity@68748248(0.063KiB serialized bytes, 8 ops, 0%/0% of on/off-heap limit), flushed range = (min(-9223372036854775808), max(9223372036854775807)]
INFO  [PerDiskMemtableFlushWriter_0:29] 2020-12-04 11:37:05,947 Memtable.java:452 - Writing Memtable-compaction_history@1998311288(0.394KiB serialized bytes, 2 ops, 0%/0% of on/off-heap limit), flushed range = (min(-9223372036854775808), max(9223372036854775807)]
INFO  [PerDiskMemtableFlushWriter_0:30] 2020-12-04 11:37:05,948 Memtable.java:481 - Completed flushing /Users/marissa/Desktop/SDC/customer-reviews/apache-cassandra-4.0-beta3/data/data/system/sstable_activity-5a1ff267ace03f128563cfae6103c65e/na-6-big-Data.db (0.379KiB) for commitlog position CommitLogPosition(segmentId=1607024802447, position=10366223)
INFO  [PerDiskMemtableFlushWriter_0:29] 2020-12-04 11:37:05,948 Memtable.java:481 - Completed flushing /Users/marissa/Desktop/SDC/customer-reviews/apache-cassandra-4.0-beta3/data/data/system/compaction_history-b4dbb7b4dc493fb5b3bfce6e434832ca/na-7-big-Data.db (0.216KiB) for commitlog position CommitLogPosition(segmentId=1607024802447, position=10366223)
DEBUG [MemtableFlushWriter:30] 2020-12-04 11:37:05,958 ColumnFamilyStore.java:1150 - Flushed to [BigTableReader(path='/Users/marissa/Desktop/SDC/customer-reviews/apache-cassandra-4.0-beta3/data/data/system/sstable_activity-5a1ff267ace03f128563cfae6103c65e/na-6-big-Data.db')] (1 sstables, 5.458KiB), biggest 5.458KiB, smallest 5.458KiB
DEBUG [MemtableFlushWriter:29] 2020-12-04 11:37:05,958 ColumnFamilyStore.java:1150 - Flushed to [BigTableReader(path='/Users/marissa/Desktop/SDC/customer-reviews/apache-cassandra-4.0-beta3/data/data/system/compaction_history-b4dbb7b4dc493fb5b3bfce6e434832ca/na-7-big-Data.db')] (1 sstables, 5.428KiB), biggest 5.428KiB, smallest 5.428KiB
INFO  [PerDiskMemtableFlushWriter_0:30] 2020-12-04 11:37:05,961 Memtable.java:452 - Writing Memtable-size_estimates@182381867(307.959KiB serialized bytes, 30960 ops, 0%/0% of on/off-heap limit), flushed range = (min(-9223372036854775808), max(9223372036854775807)]
INFO  [PerDiskMemtableFlushWriter_0:29] 2020-12-04 11:37:05,961 Memtable.java:452 - Writing Memtable-table_estimates@2044477419(666.090KiB serialized bytes, 61920 ops, 1%/0% of on/off-heap limit), flushed range = (min(-9223372036854775808), max(9223372036854775807)]
INFO  [PerDiskMemtableFlushWriter_0:30] 2020-12-04 11:37:05,964 Memtable.java:481 - Completed flushing /Users/marissa/Desktop/SDC/customer-reviews/apache-cassandra-4.0-beta3/data/data/system/size_estimates-618f817b005f3678b8a453f3930b8e86/na-18-big-Data.db (210.722KiB) for commitlog position CommitLogPosition(segmentId=1607024802447, position=10366223)
INFO  [PerDiskMemtableFlushWriter_0:29] 2020-12-04 11:37:05,969 Memtable.java:481 - Completed flushing /Users/marissa/Desktop/SDC/customer-reviews/apache-cassandra-4.0-beta3/data/data/system/table_estimates-176c39cdb93d33a5a2188eb06a56f66e/na-18-big-Data.db (477.003KiB) for commitlog position CommitLogPosition(segmentId=1607024802447, position=10366223)
DEBUG [MemtableFlushWriter:30] 2020-12-04 11:37:05,971 ColumnFamilyStore.java:1150 - Flushed to [BigTableReader(path='/Users/marissa/Desktop/SDC/customer-reviews/apache-cassandra-4.0-beta3/data/data/system/size_estimates-618f817b005f3678b8a453f3930b8e86/na-18-big-Data.db')] (1 sstables, 72.492KiB), biggest 72.492KiB, smallest 72.492KiB
DEBUG [MemtableFlushWriter:29] 2020-12-04 11:37:05,979 ColumnFamilyStore.java:1150 - Flushed to [BigTableReader(path='/Users/marissa/Desktop/SDC/customer-reviews/apache-cassandra-4.0-beta3/data/data/system/table_estimates-176c39cdb93d33a5a2188eb06a56f66e/na-18-big-Data.db')] (1 sstables, 141.641KiB), biggest 141.641KiB, smallest 141.641KiB
INFO  [IndexSummaryManager:1] 2020-12-04 11:37:06,658 IndexSummaryRedistribution.java:83 - Redistributing index summaries
DEBUG [ScheduledTasks:1] 2020-12-04 11:47:04,228 SSLFactory.java:337 - Checking whether certificates have been updated []
DEBUG [ScheduledTasks:1] 2020-12-04 11:57:04,231 SSLFactory.java:337 - Checking whether certificates have been updated []
DEBUG [ScheduledTasks:1] 2020-12-04 12:07:04,239 SSLFactory.java:337 - Checking whether certificates have been updated []
DEBUG [ScheduledTasks:1] 2020-12-04 12:17:04,254 SSLFactory.java:337 - Checking whether certificates have been updated []
DEBUG [ScheduledTasks:1] 2020-12-04 12:27:04,259 SSLFactory.java:337 - Checking whether certificates have been updated []
DEBUG [ScheduledTasks:1] 2020-12-04 12:37:04,277 SSLFactory.java:337 - Checking whether certificates have been updated []
INFO  [ScheduledTasks:1] 2020-12-04 12:37:06,000 ColumnFamilyStore.java:852 - Enqueuing flush of size_estimates: 3.144MiB (0%) on-heap, 0.000KiB (0%) off-heap
INFO  [ScheduledTasks:1] 2020-12-04 12:37:06,001 ColumnFamilyStore.java:852 - Enqueuing flush of table_estimates: 7.113MiB (1%) on-heap, 0.000KiB (0%) off-heap
INFO  [PerDiskMemtableFlushWriter_0:31] 2020-12-04 12:37:06,006 Memtable.java:452 - Writing Memtable-table_estimates@564669683(666.090KiB serialized bytes, 61920 ops, 1%/0% of on/off-heap limit), flushed range = (min(-9223372036854775808), max(9223372036854775807)]
INFO  [PerDiskMemtableFlushWriter_0:32] 2020-12-04 12:37:06,006 Memtable.java:452 - Writing Memtable-size_estimates@1195841873(307.959KiB serialized bytes, 30960 ops, 0%/0% of on/off-heap limit), flushed range = (min(-9223372036854775808), max(9223372036854775807)]
INFO  [PerDiskMemtableFlushWriter_0:32] 2020-12-04 12:37:06,012 Memtable.java:481 - Completed flushing /Users/marissa/Desktop/SDC/customer-reviews/apache-cassandra-4.0-beta3/data/data/system/size_estimates-618f817b005f3678b8a453f3930b8e86/na-19-big-Data.db (210.722KiB) for commitlog position CommitLogPosition(segmentId=1607024802447, position=18290011)
INFO  [PerDiskMemtableFlushWriter_0:31] 2020-12-04 12:37:06,017 Memtable.java:481 - Completed flushing /Users/marissa/Desktop/SDC/customer-reviews/apache-cassandra-4.0-beta3/data/data/system/table_estimates-176c39cdb93d33a5a2188eb06a56f66e/na-19-big-Data.db (477.003KiB) for commitlog position CommitLogPosition(segmentId=1607024802447, position=18290011)
DEBUG [MemtableFlushWriter:31] 2020-12-04 12:37:06,018 ColumnFamilyStore.java:1150 - Flushed to [BigTableReader(path='/Users/marissa/Desktop/SDC/customer-reviews/apache-cassandra-4.0-beta3/data/data/system/size_estimates-618f817b005f3678b8a453f3930b8e86/na-19-big-Data.db')] (1 sstables, 72.497KiB), biggest 72.497KiB, smallest 72.497KiB
DEBUG [MemtableFlushWriter:32] 2020-12-04 12:37:06,026 ColumnFamilyStore.java:1150 - Flushed to [BigTableReader(path='/Users/marissa/Desktop/SDC/customer-reviews/apache-cassandra-4.0-beta3/data/data/system/table_estimates-176c39cdb93d33a5a2188eb06a56f66e/na-19-big-Data.db')] (1 sstables, 141.640KiB), biggest 141.640KiB, smallest 141.640KiB
INFO  [IndexSummaryManager:1] 2020-12-04 12:37:06,730 IndexSummaryRedistribution.java:83 - Redistributing index summaries
DEBUG [ScheduledTasks:1] 2020-12-04 12:47:04,282 SSLFactory.java:337 - Checking whether certificates have been updated []
DEBUG [ScheduledTasks:1] 2020-12-04 12:57:04,301 SSLFactory.java:337 - Checking whether certificates have been updated []
DEBUG [ScheduledTasks:1] 2020-12-04 13:07:04,306 SSLFactory.java:337 - Checking whether certificates have been updated []
DEBUG [ScheduledTasks:1] 2020-12-04 13:17:04,325 SSLFactory.java:337 - Checking whether certificates have been updated []
DEBUG [ScheduledTasks:1] 2020-12-04 13:27:04,327 SSLFactory.java:337 - Checking whether certificates have been updated []
DEBUG [ScheduledTasks:1] 2020-12-04 13:37:04,333 SSLFactory.java:337 - Checking whether certificates have been updated []
INFO  [ScheduledTasks:1] 2020-12-04 13:37:06,050 ColumnFamilyStore.java:852 - Enqueuing flush of size_estimates: 3.144MiB (0%) on-heap, 0.000KiB (0%) off-heap
INFO  [ScheduledTasks:1] 2020-12-04 13:37:06,052 ColumnFamilyStore.java:852 - Enqueuing flush of table_estimates: 7.113MiB (1%) on-heap, 0.000KiB (0%) off-heap
INFO  [PerDiskMemtableFlushWriter_0:33] 2020-12-04 13:37:06,059 Memtable.java:452 - Writing Memtable-table_estimates@66995929(666.090KiB serialized bytes, 61920 ops, 1%/0% of on/off-heap limit), flushed range = (min(-9223372036854775808), max(9223372036854775807)]
INFO  [PerDiskMemtableFlushWriter_0:34] 2020-12-04 13:37:06,059 Memtable.java:452 - Writing Memtable-size_estimates@170319540(307.959KiB serialized bytes, 30960 ops, 0%/0% of on/off-heap limit), flushed range = (min(-9223372036854775808), max(9223372036854775807)]
INFO  [PerDiskMemtableFlushWriter_0:34] 2020-12-04 13:37:06,063 Memtable.java:481 - Completed flushing /Users/marissa/Desktop/SDC/customer-reviews/apache-cassandra-4.0-beta3/data/data/system/size_estimates-618f817b005f3678b8a453f3930b8e86/na-20-big-Data.db (210.722KiB) for commitlog position CommitLogPosition(segmentId=1607024802447, position=26213751)
INFO  [PerDiskMemtableFlushWriter_0:33] 2020-12-04 13:37:06,068 Memtable.java:481 - Completed flushing /Users/marissa/Desktop/SDC/customer-reviews/apache-cassandra-4.0-beta3/data/data/system/table_estimates-176c39cdb93d33a5a2188eb06a56f66e/na-20-big-Data.db (477.003KiB) for commitlog position CommitLogPosition(segmentId=1607024802447, position=26213751)
DEBUG [MemtableFlushWriter:33] 2020-12-04 13:37:06,068 ColumnFamilyStore.java:1150 - Flushed to [BigTableReader(path='/Users/marissa/Desktop/SDC/customer-reviews/apache-cassandra-4.0-beta3/data/data/system/size_estimates-618f817b005f3678b8a453f3930b8e86/na-20-big-Data.db')] (1 sstables, 72.493KiB), biggest 72.493KiB, smallest 72.493KiB
INFO  [CompactionExecutor:97] 2020-12-04 13:37:06,069 CompactionTask.java:156 - Compacting (dadaf450-3678-11eb-ae20-83a79a7fd42b) [/Users/marissa/Desktop/SDC/customer-reviews/apache-cassandra-4.0-beta3/data/data/system/size_estimates-618f817b005f3678b8a453f3930b8e86/na-19-big-Data.db:level=0, /Users/marissa/Desktop/SDC/customer-reviews/apache-cassandra-4.0-beta3/data/data/system/size_estimates-618f817b005f3678b8a453f3930b8e86/na-18-big-Data.db:level=0, /Users/marissa/Desktop/SDC/customer-reviews/apache-cassandra-4.0-beta3/data/data/system/size_estimates-618f817b005f3678b8a453f3930b8e86/na-20-big-Data.db:level=0, /Users/marissa/Desktop/SDC/customer-reviews/apache-cassandra-4.0-beta3/data/data/system/size_estimates-618f817b005f3678b8a453f3930b8e86/na-17-big-Data.db:level=0, ]
DEBUG [MemtableFlushWriter:34] 2020-12-04 13:37:06,073 ColumnFamilyStore.java:1150 - Flushed to [BigTableReader(path='/Users/marissa/Desktop/SDC/customer-reviews/apache-cassandra-4.0-beta3/data/data/system/table_estimates-176c39cdb93d33a5a2188eb06a56f66e/na-20-big-Data.db')] (1 sstables, 141.639KiB), biggest 141.639KiB, smallest 141.639KiB
INFO  [CompactionExecutor:96] 2020-12-04 13:37:06,074 CompactionTask.java:156 - Compacting (dadb9090-3678-11eb-ae20-83a79a7fd42b) [/Users/marissa/Desktop/SDC/customer-reviews/apache-cassandra-4.0-beta3/data/data/system/table_estimates-176c39cdb93d33a5a2188eb06a56f66e/na-20-big-Data.db:level=0, /Users/marissa/Desktop/SDC/customer-reviews/apache-cassandra-4.0-beta3/data/data/system/table_estimates-176c39cdb93d33a5a2188eb06a56f66e/na-19-big-Data.db:level=0, /Users/marissa/Desktop/SDC/customer-reviews/apache-cassandra-4.0-beta3/data/data/system/table_estimates-176c39cdb93d33a5a2188eb06a56f66e/na-18-big-Data.db:level=0, /Users/marissa/Desktop/SDC/customer-reviews/apache-cassandra-4.0-beta3/data/data/system/table_estimates-176c39cdb93d33a5a2188eb06a56f66e/na-17-big-Data.db:level=0, ]
INFO  [CompactionExecutor:97] 2020-12-04 13:37:06,111 CompactionTask.java:251 - Compacted (dadaf450-3678-11eb-ae20-83a79a7fd42b) 4 sstables to [/Users/marissa/Desktop/SDC/customer-reviews/apache-cassandra-4.0-beta3/data/data/system/size_estimates-618f817b005f3678b8a453f3930b8e86/na-21-big,] to level=0.  267.203KiB to 66.540KiB (~24% of original) in 38ms.  Read Throughput = 6.838MiB/s, Write Throughput = 1.703MiB/s, Row Throughput = ~2,593/s.  12 total partitions merged to 3.  Partition merge counts were {4:3, }
INFO  [NonPeriodicTasks:1] 2020-12-04 13:37:06,110 SSTable.java:111 - Deleting sstable: /Users/marissa/Desktop/SDC/customer-reviews/apache-cassandra-4.0-beta3/data/data/system/size_estimates-618f817b005f3678b8a453f3930b8e86/na-19-big
INFO  [NonPeriodicTasks:1] 2020-12-04 13:37:06,113 SSTable.java:111 - Deleting sstable: /Users/marissa/Desktop/SDC/customer-reviews/apache-cassandra-4.0-beta3/data/data/system/size_estimates-618f817b005f3678b8a453f3930b8e86/na-18-big
INFO  [NonPeriodicTasks:1] 2020-12-04 13:37:06,118 SSTable.java:111 - Deleting sstable: /Users/marissa/Desktop/SDC/customer-reviews/apache-cassandra-4.0-beta3/data/data/system/size_estimates-618f817b005f3678b8a453f3930b8e86/na-20-big
INFO  [NonPeriodicTasks:1] 2020-12-04 13:37:06,122 SSTable.java:111 - Deleting sstable: /Users/marissa/Desktop/SDC/customer-reviews/apache-cassandra-4.0-beta3/data/data/system/size_estimates-618f817b005f3678b8a453f3930b8e86/na-17-big
INFO  [CompactionExecutor:96] 2020-12-04 13:37:06,128 CompactionTask.java:251 - Compacted (dadb9090-3678-11eb-ae20-83a79a7fd42b) 4 sstables to [/Users/marissa/Desktop/SDC/customer-reviews/apache-cassandra-4.0-beta3/data/data/system/table_estimates-176c39cdb93d33a5a2188eb06a56f66e/na-21-big,] to level=0.  539.592KiB to 134.315KiB (~24% of original) in 53ms.  Read Throughput = 9.893MiB/s, Write Throughput = 2.463MiB/s, Row Throughput = ~5,183/s.  12 total partitions merged to 3.  Partition merge counts were {4:3, }
INFO  [NonPeriodicTasks:1] 2020-12-04 13:37:06,128 SSTable.java:111 - Deleting sstable: /Users/marissa/Desktop/SDC/customer-reviews/apache-cassandra-4.0-beta3/data/data/system/table_estimates-176c39cdb93d33a5a2188eb06a56f66e/na-20-big
INFO  [NonPeriodicTasks:1] 2020-12-04 13:37:06,131 SSTable.java:111 - Deleting sstable: /Users/marissa/Desktop/SDC/customer-reviews/apache-cassandra-4.0-beta3/data/data/system/table_estimates-176c39cdb93d33a5a2188eb06a56f66e/na-19-big
INFO  [NonPeriodicTasks:1] 2020-12-04 13:37:06,133 SSTable.java:111 - Deleting sstable: /Users/marissa/Desktop/SDC/customer-reviews/apache-cassandra-4.0-beta3/data/data/system/table_estimates-176c39cdb93d33a5a2188eb06a56f66e/na-18-big
INFO  [NonPeriodicTasks:1] 2020-12-04 13:37:06,136 SSTable.java:111 - Deleting sstable: /Users/marissa/Desktop/SDC/customer-reviews/apache-cassandra-4.0-beta3/data/data/system/table_estimates-176c39cdb93d33a5a2188eb06a56f66e/na-17-big
INFO  [CompactionExecutor:97] 2020-12-04 13:37:06,262 AutoSavingCache.java:404 - Saved KeyCache (10 items) in 3 ms
INFO  [IndexSummaryManager:1] 2020-12-04 13:37:06,786 IndexSummaryRedistribution.java:83 - Redistributing index summaries
DEBUG [ScheduledTasks:1] 2020-12-04 13:47:04,350 SSLFactory.java:337 - Checking whether certificates have been updated []
DEBUG [ScheduledTasks:1] 2020-12-04 13:57:04,353 SSLFactory.java:337 - Checking whether certificates have been updated []
DEBUG [ScheduledTasks:1] 2020-12-04 14:07:04,371 SSLFactory.java:337 - Checking whether certificates have been updated []
DEBUG [ScheduledTasks:1] 2020-12-04 14:17:04,375 SSLFactory.java:337 - Checking whether certificates have been updated []
DEBUG [ScheduledTasks:1] 2020-12-04 14:27:04,394 SSLFactory.java:337 - Checking whether certificates have been updated []
DEBUG [ScheduledTasks:1] 2020-12-04 14:37:04,398 SSLFactory.java:337 - Checking whether certificates have been updated []
INFO  [ScheduledTasks:1] 2020-12-04 14:37:06,108 ColumnFamilyStore.java:852 - Enqueuing flush of compaction_history: 1.901KiB (0%) on-heap, 0.000KiB (0%) off-heap
INFO  [ScheduledTasks:1] 2020-12-04 14:37:06,109 ColumnFamilyStore.java:852 - Enqueuing flush of sstable_activity: 1.176KiB (0%) on-heap, 0.000KiB (0%) off-heap
INFO  [ScheduledTasks:1] 2020-12-04 14:37:06,113 ColumnFamilyStore.java:852 - Enqueuing flush of size_estimates: 3.144MiB (0%) on-heap, 0.000KiB (0%) off-heap
INFO  [ScheduledTasks:1] 2020-12-04 14:37:06,113 ColumnFamilyStore.java:852 - Enqueuing flush of table_estimates: 7.113MiB (1%) on-heap, 0.000KiB (0%) off-heap
INFO  [PerDiskMemtableFlushWriter_0:36] 2020-12-04 14:37:06,115 Memtable.java:452 - Writing Memtable-sstable_activity@2046789368(0.063KiB serialized bytes, 8 ops, 0%/0% of on/off-heap limit), flushed range = (min(-9223372036854775808), max(9223372036854775807)]
INFO  [PerDiskMemtableFlushWriter_0:36] 2020-12-04 14:37:06,115 Memtable.java:481 - Completed flushing /Users/marissa/Desktop/SDC/customer-reviews/apache-cassandra-4.0-beta3/data/data/system/sstable_activity-5a1ff267ace03f128563cfae6103c65e/na-7-big-Data.db (0.379KiB) for commitlog position CommitLogPosition(segmentId=1607024802448, position=601937)
INFO  [PerDiskMemtableFlushWriter_0:35] 2020-12-04 14:37:06,116 Memtable.java:452 - Writing Memtable-compaction_history@1782958167(0.394KiB serialized bytes, 2 ops, 0%/0% of on/off-heap limit), flushed range = (min(-9223372036854775808), max(9223372036854775807)]
INFO  [PerDiskMemtableFlushWriter_0:35] 2020-12-04 14:37:06,116 Memtable.java:481 - Completed flushing /Users/marissa/Desktop/SDC/customer-reviews/apache-cassandra-4.0-beta3/data/data/system/compaction_history-b4dbb7b4dc493fb5b3bfce6e434832ca/na-8-big-Data.db (0.216KiB) for commitlog position CommitLogPosition(segmentId=1607024802448, position=601937)
DEBUG [MemtableFlushWriter:36] 2020-12-04 14:37:06,120 ColumnFamilyStore.java:1150 - Flushed to [BigTableReader(path='/Users/marissa/Desktop/SDC/customer-reviews/apache-cassandra-4.0-beta3/data/data/system/sstable_activity-5a1ff267ace03f128563cfae6103c65e/na-7-big-Data.db')] (1 sstables, 5.454KiB), biggest 5.454KiB, smallest 5.454KiB
DEBUG [MemtableFlushWriter:35] 2020-12-04 14:37:06,121 ColumnFamilyStore.java:1150 - Flushed to [BigTableReader(path='/Users/marissa/Desktop/SDC/customer-reviews/apache-cassandra-4.0-beta3/data/data/system/compaction_history-b4dbb7b4dc493fb5b3bfce6e434832ca/na-8-big-Data.db')] (1 sstables, 5.428KiB), biggest 5.428KiB, smallest 5.428KiB
INFO  [PerDiskMemtableFlushWriter_0:36] 2020-12-04 14:37:06,122 Memtable.java:452 - Writing Memtable-size_estimates@2000185271(307.959KiB serialized bytes, 30960 ops, 0%/0% of on/off-heap limit), flushed range = (min(-9223372036854775808), max(9223372036854775807)]
INFO  [CompactionExecutor:99] 2020-12-04 14:37:06,123 CompactionTask.java:156 - Compacting (3ca74b90-3681-11eb-ae20-83a79a7fd42b) [/Users/marissa/Desktop/SDC/customer-reviews/apache-cassandra-4.0-beta3/data/data/system/compaction_history-b4dbb7b4dc493fb5b3bfce6e434832ca/na-6-big-Data.db:level=0, /Users/marissa/Desktop/SDC/customer-reviews/apache-cassandra-4.0-beta3/data/data/system/compaction_history-b4dbb7b4dc493fb5b3bfce6e434832ca/na-7-big-Data.db:level=0, /Users/marissa/Desktop/SDC/customer-reviews/apache-cassandra-4.0-beta3/data/data/system/compaction_history-b4dbb7b4dc493fb5b3bfce6e434832ca/na-5-big-Data.db:level=0, /Users/marissa/Desktop/SDC/customer-reviews/apache-cassandra-4.0-beta3/data/data/system/compaction_history-b4dbb7b4dc493fb5b3bfce6e434832ca/na-8-big-Data.db:level=0, ]
INFO  [PerDiskMemtableFlushWriter_0:35] 2020-12-04 14:37:06,123 Memtable.java:452 - Writing Memtable-table_estimates@1686256495(666.090KiB serialized bytes, 61920 ops, 1%/0% of on/off-heap limit), flushed range = (min(-9223372036854775808), max(9223372036854775807)]
INFO  [PerDiskMemtableFlushWriter_0:36] 2020-12-04 14:37:06,131 Memtable.java:481 - Completed flushing /Users/marissa/Desktop/SDC/customer-reviews/apache-cassandra-4.0-beta3/data/data/system/size_estimates-618f817b005f3678b8a453f3930b8e86/na-22-big-Data.db (210.722KiB) for commitlog position CommitLogPosition(segmentId=1607024802448, position=601937)
INFO  [PerDiskMemtableFlushWriter_0:35] 2020-12-04 14:37:06,132 Memtable.java:481 - Completed flushing /Users/marissa/Desktop/SDC/customer-reviews/apache-cassandra-4.0-beta3/data/data/system/table_estimates-176c39cdb93d33a5a2188eb06a56f66e/na-22-big-Data.db (477.003KiB) for commitlog position CommitLogPosition(segmentId=1607024802448, position=601937)
DEBUG [MemtableFlushWriter:36] 2020-12-04 14:37:06,135 ColumnFamilyStore.java:1150 - Flushed to [BigTableReader(path='/Users/marissa/Desktop/SDC/customer-reviews/apache-cassandra-4.0-beta3/data/data/system/size_estimates-618f817b005f3678b8a453f3930b8e86/na-22-big-Data.db')] (1 sstables, 72.498KiB), biggest 72.498KiB, smallest 72.498KiB
DEBUG [MemtableFlushWriter:35] 2020-12-04 14:37:06,138 ColumnFamilyStore.java:1150 - Flushed to [BigTableReader(path='/Users/marissa/Desktop/SDC/customer-reviews/apache-cassandra-4.0-beta3/data/data/system/table_estimates-176c39cdb93d33a5a2188eb06a56f66e/na-22-big-Data.db')] (1 sstables, 141.646KiB), biggest 141.646KiB, smallest 141.646KiB
DEBUG [MemtablePostFlush:18] 2020-12-04 14:37:06,138 CommitLog.java:328 - Commit log segment CommitLogSegment(bin/../data/commitlog/CommitLog-7-1607024802447.log) is unused
DEBUG [MemtablePostFlush:18] 2020-12-04 14:37:06,139 AbstractCommitLogSegmentManager.java:336 - Segment CommitLogSegment(bin/../data/commitlog/CommitLog-7-1607024802447.log) is no longer active and will be deleted now
INFO  [CompactionExecutor:99] 2020-12-04 14:37:06,208 CompactionTask.java:251 - Compacted (3ca74b90-3681-11eb-ae20-83a79a7fd42b) 4 sstables to [/Users/marissa/Desktop/SDC/customer-reviews/apache-cassandra-4.0-beta3/data/data/system/compaction_history-b4dbb7b4dc493fb5b3bfce6e434832ca/na-9-big,] to level=0.  0.771KiB to 0.595KiB (~77% of original) in 84ms.  Read Throughput = 9.077KiB/s, Write Throughput = 6.997KiB/s, Row Throughput = ~24/s.  12 total partitions merged to 12.  Partition merge counts were {1:12, }
INFO  [NonPeriodicTasks:1] 2020-12-04 14:37:06,212 SSTable.java:111 - Deleting sstable: /Users/marissa/Desktop/SDC/customer-reviews/apache-cassandra-4.0-beta3/data/data/system/compaction_history-b4dbb7b4dc493fb5b3bfce6e434832ca/na-6-big
INFO  [NonPeriodicTasks:1] 2020-12-04 14:37:06,215 SSTable.java:111 - Deleting sstable: /Users/marissa/Desktop/SDC/customer-reviews/apache-cassandra-4.0-beta3/data/data/system/compaction_history-b4dbb7b4dc493fb5b3bfce6e434832ca/na-7-big
INFO  [NonPeriodicTasks:1] 2020-12-04 14:37:06,221 SSTable.java:111 - Deleting sstable: /Users/marissa/Desktop/SDC/customer-reviews/apache-cassandra-4.0-beta3/data/data/system/compaction_history-b4dbb7b4dc493fb5b3bfce6e434832ca/na-5-big
INFO  [NonPeriodicTasks:1] 2020-12-04 14:37:06,224 SSTable.java:111 - Deleting sstable: /Users/marissa/Desktop/SDC/customer-reviews/apache-cassandra-4.0-beta3/data/data/system/compaction_history-b4dbb7b4dc493fb5b3bfce6e434832ca/na-8-big
INFO  [IndexSummaryManager:1] 2020-12-04 14:37:06,852 IndexSummaryRedistribution.java:83 - Redistributing index summaries
DEBUG [ScheduledTasks:1] 2020-12-04 14:47:04,417 SSLFactory.java:337 - Checking whether certificates have been updated []
DEBUG [ScheduledTasks:1] 2020-12-04 14:57:04,422 SSLFactory.java:337 - Checking whether certificates have been updated []
DEBUG [ScheduledTasks:1] 2020-12-04 15:07:04,441 SSLFactory.java:337 - Checking whether certificates have been updated []
DEBUG [ScheduledTasks:1] 2020-12-04 15:17:04,444 SSLFactory.java:337 - Checking whether certificates have been updated []
DEBUG [ScheduledTasks:1] 2020-12-04 15:27:04,449 SSLFactory.java:337 - Checking whether certificates have been updated []
DEBUG [MemtablePostFlush:19] 2020-12-04 15:32:26,938 ColumnFamilyStore.java:907 - forceFlush requested but everything is clean in columns
DEBUG [MemtablePostFlush:19] 2020-12-04 15:32:26,939 ColumnFamilyStore.java:907 - forceFlush requested but everything is clean in dropped_columns
DEBUG [MemtablePostFlush:19] 2020-12-04 15:32:26,939 ColumnFamilyStore.java:907 - forceFlush requested but everything is clean in triggers
DEBUG [MemtablePostFlush:19] 2020-12-04 15:32:26,939 ColumnFamilyStore.java:907 - forceFlush requested but everything is clean in types
DEBUG [MemtablePostFlush:19] 2020-12-04 15:32:26,939 ColumnFamilyStore.java:907 - forceFlush requested but everything is clean in functions
DEBUG [MemtablePostFlush:19] 2020-12-04 15:32:26,939 ColumnFamilyStore.java:907 - forceFlush requested but everything is clean in aggregates
DEBUG [MemtablePostFlush:19] 2020-12-04 15:32:26,939 ColumnFamilyStore.java:907 - forceFlush requested but everything is clean in indexes
DEBUG [MemtablePostFlush:19] 2020-12-04 15:32:26,939 ColumnFamilyStore.java:907 - forceFlush requested but everything is clean in tables
DEBUG [MemtablePostFlush:19] 2020-12-04 15:32:26,939 ColumnFamilyStore.java:907 - forceFlush requested but everything is clean in views
INFO  [MigrationStage:1] 2020-12-04 15:32:26,939 ColumnFamilyStore.java:852 - Enqueuing flush of keyspaces: 0.504KiB (0%) on-heap, 0.000KiB (0%) off-heap
INFO  [PerDiskMemtableFlushWriter_0:37] 2020-12-04 15:32:26,950 Memtable.java:452 - Writing Memtable-keyspaces@1009754241(0.146KiB serialized bytes, 1 ops, 0%/0% of on/off-heap limit), flushed range = (min(-9223372036854775808), max(9223372036854775807)]
INFO  [PerDiskMemtableFlushWriter_0:37] 2020-12-04 15:32:26,951 Memtable.java:481 - Completed flushing /Users/marissa/Desktop/SDC/customer-reviews/apache-cassandra-4.0-beta3/data/data/system_schema/keyspaces-abac5682dea631c5b535b3d6cffd0fb6/na-2-big-Data.db (0.114KiB) for commitlog position CommitLogPosition(segmentId=1607024802448, position=7865894)
DEBUG [MemtableFlushWriter:37] 2020-12-04 15:32:26,957 ColumnFamilyStore.java:1150 - Flushed to [BigTableReader(path='/Users/marissa/Desktop/SDC/customer-reviews/apache-cassandra-4.0-beta3/data/data/system_schema/keyspaces-abac5682dea631c5b535b3d6cffd0fb6/na-2-big-Data.db')] (1 sstables, 5.131KiB), biggest 5.131KiB, smallest 5.131KiB
INFO  [MigrationStage:1] 2020-12-04 15:32:26,961 Keyspace.java:382 - Creating replication strategy reviews params KeyspaceParams{durable_writes=true, replication=ReplicationParams{class=org.apache.cassandra.locator.SimpleStrategy, replication_factor=1}}
DEBUG [MigrationStage:1] 2020-12-04 15:32:26,962 Keyspace.java:386 - New replication settings for keyspace reviews - invalidating disk boundary caches
DEBUG [ScheduledTasks:1] 2020-12-04 15:37:04,467 SSLFactory.java:337 - Checking whether certificates have been updated []
INFO  [ScheduledTasks:1] 2020-12-04 15:37:06,173 ColumnFamilyStore.java:852 - Enqueuing flush of sstable_activity: 0.602KiB (0%) on-heap, 0.000KiB (0%) off-heap
INFO  [ScheduledTasks:1] 2020-12-04 15:37:06,177 ColumnFamilyStore.java:852 - Enqueuing flush of size_estimates: 3.144MiB (0%) on-heap, 0.000KiB (0%) off-heap
INFO  [ScheduledTasks:1] 2020-12-04 15:37:06,177 ColumnFamilyStore.java:852 - Enqueuing flush of table_estimates: 7.113MiB (1%) on-heap, 0.000KiB (0%) off-heap
INFO  [PerDiskMemtableFlushWriter_0:38] 2020-12-04 15:37:06,181 Memtable.java:452 - Writing Memtable-sstable_activity@1122568889(0.031KiB serialized bytes, 4 ops, 0%/0% of on/off-heap limit), flushed range = (min(-9223372036854775808), max(9223372036854775807)]
INFO  [PerDiskMemtableFlushWriter_0:39] 2020-12-04 15:37:06,181 Memtable.java:452 - Writing Memtable-size_estimates@476636157(307.959KiB serialized bytes, 30960 ops, 0%/0% of on/off-heap limit), flushed range = (min(-9223372036854775808), max(9223372036854775807)]
INFO  [PerDiskMemtableFlushWriter_0:38] 2020-12-04 15:37:06,182 Memtable.java:481 - Completed flushing /Users/marissa/Desktop/SDC/customer-reviews/apache-cassandra-4.0-beta3/data/data/system/sstable_activity-5a1ff267ace03f128563cfae6103c65e/na-8-big-Data.db (0.203KiB) for commitlog position CommitLogPosition(segmentId=1607024802448, position=8526301)
INFO  [PerDiskMemtableFlushWriter_0:39] 2020-12-04 15:37:06,187 Memtable.java:481 - Completed flushing /Users/marissa/Desktop/SDC/customer-reviews/apache-cassandra-4.0-beta3/data/data/system/size_estimates-618f817b005f3678b8a453f3930b8e86/na-23-big-Data.db (210.722KiB) for commitlog position CommitLogPosition(segmentId=1607024802448, position=8526301)
DEBUG [MemtableFlushWriter:38] 2020-12-04 15:37:06,187 ColumnFamilyStore.java:1150 - Flushed to [BigTableReader(path='/Users/marissa/Desktop/SDC/customer-reviews/apache-cassandra-4.0-beta3/data/data/system/sstable_activity-5a1ff267ace03f128563cfae6103c65e/na-8-big-Data.db')] (1 sstables, 5.264KiB), biggest 5.264KiB, smallest 5.264KiB
INFO  [CompactionExecutor:101] 2020-12-04 15:37:06,188 CompactionTask.java:156 - Compacting (9e75c5b0-3689-11eb-ae20-83a79a7fd42b) [/Users/marissa/Desktop/SDC/customer-reviews/apache-cassandra-4.0-beta3/data/data/system/sstable_activity-5a1ff267ace03f128563cfae6103c65e/na-8-big-Data.db:level=0, /Users/marissa/Desktop/SDC/customer-reviews/apache-cassandra-4.0-beta3/data/data/system/sstable_activity-5a1ff267ace03f128563cfae6103c65e/na-5-big-Data.db:level=0, /Users/marissa/Desktop/SDC/customer-reviews/apache-cassandra-4.0-beta3/data/data/system/sstable_activity-5a1ff267ace03f128563cfae6103c65e/na-6-big-Data.db:level=0, /Users/marissa/Desktop/SDC/customer-reviews/apache-cassandra-4.0-beta3/data/data/system/sstable_activity-5a1ff267ace03f128563cfae6103c65e/na-7-big-Data.db:level=0, ]
INFO  [PerDiskMemtableFlushWriter_0:38] 2020-12-04 15:37:06,191 Memtable.java:452 - Writing Memtable-table_estimates@1278143636(666.090KiB serialized bytes, 61920 ops, 1%/0% of on/off-heap limit), flushed range = (min(-9223372036854775808), max(9223372036854775807)]
DEBUG [MemtableFlushWriter:39] 2020-12-04 15:37:06,193 ColumnFamilyStore.java:1150 - Flushed to [BigTableReader(path='/Users/marissa/Desktop/SDC/customer-reviews/apache-cassandra-4.0-beta3/data/data/system/size_estimates-618f817b005f3678b8a453f3930b8e86/na-23-big-Data.db')] (1 sstables, 72.488KiB), biggest 72.488KiB, smallest 72.488KiB
INFO  [CompactionExecutor:101] 2020-12-04 15:37:06,200 CompactionTask.java:251 - Compacted (9e75c5b0-3689-11eb-ae20-83a79a7fd42b) 4 sstables to [] to level=0.  0.000KiB to 0.000KiB (~0% of original) in 6ms.  Read Throughput = 0.000KiB/s, Write Throughput = 0.000KiB/s, Row Throughput = ~0/s.  0 total partitions merged to 0.  Partition merge counts were {}
INFO  [NonPeriodicTasks:1] 2020-12-04 15:37:06,200 SSTable.java:111 - Deleting sstable: /Users/marissa/Desktop/SDC/customer-reviews/apache-cassandra-4.0-beta3/data/data/system/sstable_activity-5a1ff267ace03f128563cfae6103c65e/na-8-big
INFO  [PerDiskMemtableFlushWriter_0:38] 2020-12-04 15:37:06,203 Memtable.java:481 - Completed flushing /Users/marissa/Desktop/SDC/customer-reviews/apache-cassandra-4.0-beta3/data/data/system/table_estimates-176c39cdb93d33a5a2188eb06a56f66e/na-23-big-Data.db (477.003KiB) for commitlog position CommitLogPosition(segmentId=1607024802448, position=8526301)
INFO  [NonPeriodicTasks:1] 2020-12-04 15:37:06,205 SSTable.java:111 - Deleting sstable: /Users/marissa/Desktop/SDC/customer-reviews/apache-cassandra-4.0-beta3/data/data/system/sstable_activity-5a1ff267ace03f128563cfae6103c65e/na-5-big
DEBUG [MemtableFlushWriter:38] 2020-12-04 15:37:06,208 ColumnFamilyStore.java:1150 - Flushed to [BigTableReader(path='/Users/marissa/Desktop/SDC/customer-reviews/apache-cassandra-4.0-beta3/data/data/system/table_estimates-176c39cdb93d33a5a2188eb06a56f66e/na-23-big-Data.db')] (1 sstables, 141.651KiB), biggest 141.651KiB, smallest 141.651KiB
INFO  [NonPeriodicTasks:1] 2020-12-04 15:37:06,209 SSTable.java:111 - Deleting sstable: /Users/marissa/Desktop/SDC/customer-reviews/apache-cassandra-4.0-beta3/data/data/system/sstable_activity-5a1ff267ace03f128563cfae6103c65e/na-6-big
INFO  [NonPeriodicTasks:1] 2020-12-04 15:37:06,213 SSTable.java:111 - Deleting sstable: /Users/marissa/Desktop/SDC/customer-reviews/apache-cassandra-4.0-beta3/data/data/system/sstable_activity-5a1ff267ace03f128563cfae6103c65e/na-7-big
INFO  [IndexSummaryManager:1] 2020-12-04 15:37:06,918 IndexSummaryRedistribution.java:83 - Redistributing index summaries
INFO  [ScheduledTasks:1] 2020-12-04 15:37:07,571 ColumnFamilyStore.java:852 - Enqueuing flush of local: 0.338KiB (0%) on-heap, 0.000KiB (0%) off-heap
INFO  [PerDiskMemtableFlushWriter_0:39] 2020-12-04 15:37:07,576 Memtable.java:452 - Writing Memtable-local@313462272(0.060KiB serialized bytes, 1 ops, 0%/0% of on/off-heap limit), flushed range = (min(-9223372036854775808), max(9223372036854775807)]
INFO  [PerDiskMemtableFlushWriter_0:39] 2020-12-04 15:37:07,576 Memtable.java:481 - Completed flushing /Users/marissa/Desktop/SDC/customer-reviews/apache-cassandra-4.0-beta3/data/data/system/local-7ad54392bcdd35a684174e047860b377/na-7-big-Data.db (0.040KiB) for commitlog position CommitLogPosition(segmentId=1607024802448, position=8526843)
DEBUG [MemtableFlushWriter:39] 2020-12-04 15:37:07,582 ColumnFamilyStore.java:1150 - Flushed to [BigTableReader(path='/Users/marissa/Desktop/SDC/customer-reviews/apache-cassandra-4.0-beta3/data/data/system/local-7ad54392bcdd35a684174e047860b377/na-7-big-Data.db')] (1 sstables, 4.869KiB), biggest 4.869KiB, smallest 4.869KiB
