INFO  [ScheduledTasks:1] 2020-12-04 08:35:50,908 ColumnFamilyStore.java:852 - Enqueuing flush of compaction_history: 1.901KiB (0%) on-heap, 0.000KiB (0%) off-heap
INFO  [ScheduledTasks:1] 2020-12-04 08:35:50,913 ColumnFamilyStore.java:852 - Enqueuing flush of sstable_activity: 1.176KiB (0%) on-heap, 0.000KiB (0%) off-heap
INFO  [PerDiskMemtableFlushWriter_0:23] 2020-12-04 08:35:50,916 Memtable.java:452 - Writing Memtable-compaction_history@879004947(0.394KiB serialized bytes, 2 ops, 0%/0% of on/off-heap limit), flushed range = (min(-9223372036854775808), max(9223372036854775807)]
INFO  [PerDiskMemtableFlushWriter_0:24] 2020-12-04 08:35:50,916 Memtable.java:452 - Writing Memtable-sstable_activity@1949819543(0.063KiB serialized bytes, 8 ops, 0%/0% of on/off-heap limit), flushed range = (min(-9223372036854775808), max(9223372036854775807)]
INFO  [PerDiskMemtableFlushWriter_0:23] 2020-12-04 08:35:50,917 Memtable.java:481 - Completed flushing /Users/marissa/Desktop/SDC/customer-reviews/apache-cassandra-4.0-beta3/data/data/system/compaction_history-b4dbb7b4dc493fb5b3bfce6e434832ca/na-4-big-Data.db (0.216KiB) for commitlog position CommitLogPosition(segmentId=1607024802446, position=20134537)
INFO  [PerDiskMemtableFlushWriter_0:24] 2020-12-04 08:35:50,917 Memtable.java:481 - Completed flushing /Users/marissa/Desktop/SDC/customer-reviews/apache-cassandra-4.0-beta3/data/data/system/sstable_activity-5a1ff267ace03f128563cfae6103c65e/na-4-big-Data.db (0.379KiB) for commitlog position CommitLogPosition(segmentId=1607024802446, position=20134537)
INFO  [ScheduledTasks:1] 2020-12-04 08:35:50,918 ColumnFamilyStore.java:852 - Enqueuing flush of size_estimates: 3.144MiB (0%) on-heap, 0.000KiB (0%) off-heap
INFO  [ScheduledTasks:1] 2020-12-04 08:35:50,920 ColumnFamilyStore.java:852 - Enqueuing flush of table_estimates: 7.113MiB (1%) on-heap, 0.000KiB (0%) off-heap
INFO  [CompactionExecutor:72] 2020-12-04 08:35:50,924 CompactionTask.java:156 - Compacting (c53a8db0-364e-11eb-ae20-83a79a7fd42b) [/Users/marissa/Desktop/SDC/customer-reviews/apache-cassandra-4.0-beta3/data/data/system/compaction_history-b4dbb7b4dc493fb5b3bfce6e434832ca/na-1-big-Data.db:level=0, /Users/marissa/Desktop/SDC/customer-reviews/apache-cassandra-4.0-beta3/data/data/system/compaction_history-b4dbb7b4dc493fb5b3bfce6e434832ca/na-2-big-Data.db:level=0, /Users/marissa/Desktop/SDC/customer-reviews/apache-cassandra-4.0-beta3/data/data/system/compaction_history-b4dbb7b4dc493fb5b3bfce6e434832ca/na-3-big-Data.db:level=0, /Users/marissa/Desktop/SDC/customer-reviews/apache-cassandra-4.0-beta3/data/data/system/compaction_history-b4dbb7b4dc493fb5b3bfce6e434832ca/na-4-big-Data.db:level=0, ]
INFO  [CompactionExecutor:71] 2020-12-04 08:35:50,924 CompactionTask.java:156 - Compacting (c53ab4c1-364e-11eb-ae20-83a79a7fd42b) [/Users/marissa/Desktop/SDC/customer-reviews/apache-cassandra-4.0-beta3/data/data/system/sstable_activity-5a1ff267ace03f128563cfae6103c65e/na-1-big-Data.db:level=0, /Users/marissa/Desktop/SDC/customer-reviews/apache-cassandra-4.0-beta3/data/data/system/sstable_activity-5a1ff267ace03f128563cfae6103c65e/na-2-big-Data.db:level=0, /Users/marissa/Desktop/SDC/customer-reviews/apache-cassandra-4.0-beta3/data/data/system/sstable_activity-5a1ff267ace03f128563cfae6103c65e/na-4-big-Data.db:level=0, /Users/marissa/Desktop/SDC/customer-reviews/apache-cassandra-4.0-beta3/data/data/system/sstable_activity-5a1ff267ace03f128563cfae6103c65e/na-3-big-Data.db:level=0, ]
INFO  [PerDiskMemtableFlushWriter_0:23] 2020-12-04 08:35:50,927 Memtable.java:452 - Writing Memtable-size_estimates@983791087(307.959KiB serialized bytes, 30960 ops, 0%/0% of on/off-heap limit), flushed range = (min(-9223372036854775808), max(9223372036854775807)]
INFO  [PerDiskMemtableFlushWriter_0:24] 2020-12-04 08:35:50,927 Memtable.java:452 - Writing Memtable-table_estimates@2062549601(666.090KiB serialized bytes, 61920 ops, 1%/0% of on/off-heap limit), flushed range = (min(-9223372036854775808), max(9223372036854775807)]
INFO  [PerDiskMemtableFlushWriter_0:23] 2020-12-04 08:35:50,933 Memtable.java:481 - Completed flushing /Users/marissa/Desktop/SDC/customer-reviews/apache-cassandra-4.0-beta3/data/data/system/size_estimates-618f817b005f3678b8a453f3930b8e86/na-14-big-Data.db (210.741KiB) for commitlog position CommitLogPosition(segmentId=1607024802446, position=20134537)
INFO  [CompactionExecutor:71] 2020-12-04 08:35:50,935 CompactionTask.java:251 - Compacted (c53ab4c1-364e-11eb-ae20-83a79a7fd42b) 4 sstables to [] to level=0.  0.000KiB to 0.000KiB (~0% of original) in 10ms.  Read Throughput = 0.000KiB/s, Write Throughput = 0.000KiB/s, Row Throughput = ~0/s.  0 total partitions merged to 0.  Partition merge counts were {}
INFO  [NonPeriodicTasks:1] 2020-12-04 08:35:50,936 SSTable.java:111 - Deleting sstable: /Users/marissa/Desktop/SDC/customer-reviews/apache-cassandra-4.0-beta3/data/data/system/sstable_activity-5a1ff267ace03f128563cfae6103c65e/na-1-big
INFO  [NonPeriodicTasks:1] 2020-12-04 08:35:50,942 SSTable.java:111 - Deleting sstable: /Users/marissa/Desktop/SDC/customer-reviews/apache-cassandra-4.0-beta3/data/data/system/sstable_activity-5a1ff267ace03f128563cfae6103c65e/na-2-big
INFO  [PerDiskMemtableFlushWriter_0:24] 2020-12-04 08:35:50,945 Memtable.java:481 - Completed flushing /Users/marissa/Desktop/SDC/customer-reviews/apache-cassandra-4.0-beta3/data/data/system/table_estimates-176c39cdb93d33a5a2188eb06a56f66e/na-14-big-Data.db (477.042KiB) for commitlog position CommitLogPosition(segmentId=1607024802446, position=20134537)
INFO  [NonPeriodicTasks:1] 2020-12-04 08:35:50,945 SSTable.java:111 - Deleting sstable: /Users/marissa/Desktop/SDC/customer-reviews/apache-cassandra-4.0-beta3/data/data/system/sstable_activity-5a1ff267ace03f128563cfae6103c65e/na-4-big
INFO  [NonPeriodicTasks:1] 2020-12-04 08:35:50,949 SSTable.java:111 - Deleting sstable: /Users/marissa/Desktop/SDC/customer-reviews/apache-cassandra-4.0-beta3/data/data/system/sstable_activity-5a1ff267ace03f128563cfae6103c65e/na-3-big
INFO  [CompactionExecutor:72] 2020-12-04 08:35:50,954 CompactionTask.java:251 - Compacted (c53a8db0-364e-11eb-ae20-83a79a7fd42b) 4 sstables to [/Users/marissa/Desktop/SDC/customer-reviews/apache-cassandra-4.0-beta3/data/data/system/compaction_history-b4dbb7b4dc493fb5b3bfce6e434832ca/na-5-big,] to level=0.  0.568KiB to 0.366KiB (~64% of original) in 29ms.  Read Throughput = 18.988KiB/s, Write Throughput = 12.234KiB/s, Row Throughput = ~14/s.  7 total partitions merged to 7.  Partition merge counts were {1:7, }
INFO  [NonPeriodicTasks:1] 2020-12-04 08:35:50,955 SSTable.java:111 - Deleting sstable: /Users/marissa/Desktop/SDC/customer-reviews/apache-cassandra-4.0-beta3/data/data/system/compaction_history-b4dbb7b4dc493fb5b3bfce6e434832ca/na-1-big
INFO  [NonPeriodicTasks:1] 2020-12-04 08:35:50,958 SSTable.java:111 - Deleting sstable: /Users/marissa/Desktop/SDC/customer-reviews/apache-cassandra-4.0-beta3/data/data/system/compaction_history-b4dbb7b4dc493fb5b3bfce6e434832ca/na-2-big
INFO  [NonPeriodicTasks:1] 2020-12-04 08:35:50,961 SSTable.java:111 - Deleting sstable: /Users/marissa/Desktop/SDC/customer-reviews/apache-cassandra-4.0-beta3/data/data/system/compaction_history-b4dbb7b4dc493fb5b3bfce6e434832ca/na-3-big
INFO  [NonPeriodicTasks:1] 2020-12-04 08:35:50,964 SSTable.java:111 - Deleting sstable: /Users/marissa/Desktop/SDC/customer-reviews/apache-cassandra-4.0-beta3/data/data/system/compaction_history-b4dbb7b4dc493fb5b3bfce6e434832ca/na-4-big
INFO  [IndexSummaryManager:1] 2020-12-04 08:35:51,623 IndexSummaryRedistribution.java:83 - Redistributing index summaries
INFO  [ScheduledTasks:1] 2020-12-04 09:37:05,794 ColumnFamilyStore.java:852 - Enqueuing flush of compaction_history: 0.792KiB (0%) on-heap, 0.000KiB (0%) off-heap
INFO  [ScheduledTasks:1] 2020-12-04 09:37:05,796 ColumnFamilyStore.java:852 - Enqueuing flush of sstable_activity: 1.195KiB (0%) on-heap, 0.000KiB (0%) off-heap
INFO  [ScheduledTasks:1] 2020-12-04 09:37:05,800 ColumnFamilyStore.java:852 - Enqueuing flush of size_estimates: 3.144MiB (0%) on-heap, 0.000KiB (0%) off-heap
INFO  [ScheduledTasks:1] 2020-12-04 09:37:05,800 ColumnFamilyStore.java:852 - Enqueuing flush of table_estimates: 7.113MiB (1%) on-heap, 0.000KiB (0%) off-heap
INFO  [PerDiskMemtableFlushWriter_0:26] 2020-12-04 09:37:05,801 Memtable.java:452 - Writing Memtable-sstable_activity@34120264(0.063KiB serialized bytes, 8 ops, 0%/0% of on/off-heap limit), flushed range = (min(-9223372036854775808), max(9223372036854775807)]
INFO  [PerDiskMemtableFlushWriter_0:25] 2020-12-04 09:37:05,801 Memtable.java:452 - Writing Memtable-compaction_history@740255746(0.171KiB serialized bytes, 1 ops, 0%/0% of on/off-heap limit), flushed range = (min(-9223372036854775808), max(9223372036854775807)]
INFO  [PerDiskMemtableFlushWriter_0:25] 2020-12-04 09:37:05,802 Memtable.java:481 - Completed flushing /Users/marissa/Desktop/SDC/customer-reviews/apache-cassandra-4.0-beta3/data/data/system/compaction_history-b4dbb7b4dc493fb5b3bfce6e434832ca/na-6-big-Data.db (0.093KiB) for commitlog position CommitLogPosition(segmentId=1607024802446, position=28059143)
INFO  [PerDiskMemtableFlushWriter_0:26] 2020-12-04 09:37:05,802 Memtable.java:481 - Completed flushing /Users/marissa/Desktop/SDC/customer-reviews/apache-cassandra-4.0-beta3/data/data/system/sstable_activity-5a1ff267ace03f128563cfae6103c65e/na-5-big-Data.db (0.398KiB) for commitlog position CommitLogPosition(segmentId=1607024802446, position=28059143)
INFO  [PerDiskMemtableFlushWriter_0:25] 2020-12-04 09:37:05,811 Memtable.java:452 - Writing Memtable-size_estimates@584614897(307.959KiB serialized bytes, 30960 ops, 0%/0% of on/off-heap limit), flushed range = (min(-9223372036854775808), max(9223372036854775807)]
INFO  [PerDiskMemtableFlushWriter_0:26] 2020-12-04 09:37:05,811 Memtable.java:452 - Writing Memtable-table_estimates@214912121(666.090KiB serialized bytes, 61920 ops, 1%/0% of on/off-heap limit), flushed range = (min(-9223372036854775808), max(9223372036854775807)]
INFO  [PerDiskMemtableFlushWriter_0:25] 2020-12-04 09:37:05,816 Memtable.java:481 - Completed flushing /Users/marissa/Desktop/SDC/customer-reviews/apache-cassandra-4.0-beta3/data/data/system/size_estimates-618f817b005f3678b8a453f3930b8e86/na-15-big-Data.db (210.722KiB) for commitlog position CommitLogPosition(segmentId=1607024802446, position=28059143)
INFO  [PerDiskMemtableFlushWriter_0:26] 2020-12-04 09:37:05,821 Memtable.java:481 - Completed flushing /Users/marissa/Desktop/SDC/customer-reviews/apache-cassandra-4.0-beta3/data/data/system/table_estimates-176c39cdb93d33a5a2188eb06a56f66e/na-15-big-Data.db (477.003KiB) for commitlog position CommitLogPosition(segmentId=1607024802446, position=28059143)
INFO  [CompactionExecutor:91] 2020-12-04 09:37:06,010 AutoSavingCache.java:404 - Saved KeyCache (10 items) in 2 ms
INFO  [IndexSummaryManager:1] 2020-12-04 09:37:06,515 IndexSummaryRedistribution.java:83 - Redistributing index summaries
